Using pre-set license
Built from '2020.3/staging' branch; Version is '2020.3.9f1 (108be757e447) revision 1084391'; Using compiler version '192528614'; Build Type 'Release'
OS: 'Windows 10 Pro; OS build 19042.1083; Version 2009; 64bit' Language: 'pl' Physical Memory: 16333 MB
BatchMode: 1, IsHumanControllingUs: 0, StartBugReporterOnCrash: 0, Is64bit: 1, IsPro: 0

 COMMAND LINE ARGUMENTS:
C:\Program Files\Unity\Hub\Editor\2020.3.9f1\Editor\Unity.exe
-adb2
-batchMode
-noUpm
-name
AssetImportWorker0
-projectPath
C:/Users/Kuba/Documents/GitHub/Quicksands
-logFile
Logs/AssetImportWorker0.log
-srvPort
55698
Successfully changed project path to: C:/Users/Kuba/Documents/GitHub/Quicksands
C:/Users/Kuba/Documents/GitHub/Quicksands
Using Asset Import Pipeline V2.
Refreshing native plugins compatible for Editor in 26.84 ms, found 0 plugins.
Preloading 0 native plugins for Editor in 0.00 ms.
Initialize engine version: 2020.3.9f1 (108be757e447)
[Subsystems] Discovering subsystems at path C:/Program Files/Unity/Hub/Editor/2020.3.9f1/Editor/Data/Resources/UnitySubsystems
[Subsystems] Discovering subsystems at path C:/Users/Kuba/Documents/GitHub/Quicksands/Assets
GfxDevice: creating device client; threaded=0
Direct3D:
    Version:  Direct3D 11.0 [level 11.1]
    Renderer: NVIDIA GeForce RTX 2060 (ID=0x1f08)
    Vendor:   
    VRAM:     5980 MB
    Driver:   30.0.14.7111
Initialize mono
Mono path[0] = 'C:/Program Files/Unity/Hub/Editor/2020.3.9f1/Editor/Data/Managed'
Mono path[1] = 'C:/Program Files/Unity/Hub/Editor/2020.3.9f1/Editor/Data/MonoBleedingEdge/lib/mono/unityjit'
Mono config path = 'C:/Program Files/Unity/Hub/Editor/2020.3.9f1/Editor/Data/MonoBleedingEdge/etc'
Using monoOptions --debugger-agent=transport=dt_socket,embedding=1,server=y,suspend=n,address=127.0.0.1:56148
Begin MonoManager ReloadAssembly
Registering precompiled unity dll's ...
Register platform support module: C:/Program Files/Unity/Hub/Editor/2020.3.9f1/Editor/Data/PlaybackEngines/WebGLSupport/UnityEditor.WebGL.Extensions.dll
Register platform support module: C:/Program Files/Unity/Hub/Editor/2020.3.9f1/Editor/Data/PlaybackEngines/WindowsStandaloneSupport/UnityEditor.WindowsStandalone.Extensions.dll
Registered in 0.003438 seconds.
Native extension for WindowsStandalone target not found
Native extension for WebGL target not found
Refreshing native plugins compatible for Editor in 25.95 ms, found 0 plugins.
Preloading 0 native plugins for Editor in 0.00 ms.
Mono: successfully reloaded assembly
- Completed reload, in  1.406 seconds
Platform modules already initialized, skipping
Registering precompiled user dll's ...
Registered in 0.000836 seconds.
Begin MonoManager ReloadAssembly
Native extension for WindowsStandalone target not found
Native extension for WebGL target not found
Refreshing native plugins compatible for Editor in 0.24 ms, found 0 plugins.
Preloading 0 native plugins for Editor in 0.00 ms.
Mono: successfully reloaded assembly
- Completed reload, in  0.950 seconds
Platform modules already initialized, skipping
========================================================================
Worker process is ready to serve import requests
Launched and connected shader compiler UnityShaderCompiler.exe after 0.05 seconds
Refreshing native plugins compatible for Editor in 0.26 ms, found 0 plugins.
Preloading 0 native plugins for Editor in 0.00 ms.
Unloading 1141 Unused Serialized files (Serialized files now loaded: 0)
System memory in use before: 60.7 MB.
System memory in use after: 60.7 MB.

Unloading 10 unused Assets to reduce memory usage. Loaded Objects now: 1587.
Total: 1.769600 ms (FindLiveObjects: 0.140300 ms CreateObjectMapping: 0.029300 ms MarkObjects: 1.506200 ms  DeleteObjects: 0.092400 ms)

========================================================================
Received Import Request.
  path: Assets/Prefabs/Environment/Palm.prefab
  artifactKey: Guid(7d5ae275f258ba84ba52b26108827202) Importer(815301076,1909f56bfc062723c751e8b465ee728b)
Start importing Assets/Prefabs/Environment/Palm.prefab using Guid(7d5ae275f258ba84ba52b26108827202) Importer(815301076,1909f56bfc062723c751e8b465ee728b)  -> (artifact id: 'f5f9750283feb59c779f616bfc9de0d6') in 0.122539 seconds
  Import took 0.124784 seconds .

========================================================================
Received Prepare
Registering precompiled user dll's ...
Registered in 0.000954 seconds.
Begin MonoManager ReloadAssembly
Native extension for WindowsStandalone target not found
Native extension for WebGL target not found
Refreshing native plugins compatible for Editor in 0.25 ms, found 0 plugins.
Preloading 0 native plugins for Editor in 0.00 ms.
[ScriptCompilation] NOT recompiling all scripts because this is an import worker process. Reason to compile was: Define symbols changed
Mono: successfully reloaded assembly
- Completed reload, in  1.571 seconds
Platform modules already initialized, skipping
Refreshing native plugins compatible for Editor in 0.26 ms, found 0 plugins.
Preloading 0 native plugins for Editor in 0.00 ms.
Unloading 1243 Unused Serialized files (Serialized files now loaded: 0)
System memory in use before: 70.0 MB.
System memory in use after: 68.1 MB.

Unloading 34 unused Assets to reduce memory usage. Loaded Objects now: 1690.
Total: 2.379300 ms (FindLiveObjects: 0.176200 ms CreateObjectMapping: 0.028700 ms MarkObjects: 1.389100 ms  DeleteObjects: 0.784000 ms)

========================================================================
Received Import Request.
  Time since last request: 357.994310 seconds.
  path: Assets/PostProcessing
  artifactKey: Guid(e262eecb4b98650488d02f2406027810) Importer(815301076,1909f56bfc062723c751e8b465ee728b)
Start importing Assets/PostProcessing using Guid(e262eecb4b98650488d02f2406027810) Importer(815301076,1909f56bfc062723c751e8b465ee728b)  -> (artifact id: '608af3ad75504f433ac64ee9cae56b36') in 0.012174 seconds
  Import took 0.014772 seconds .

========================================================================
Received Import Request.
  Time since last request: 0.007175 seconds.
  path: Assets/PostProcessing
  artifactKey: Guid(e262eecb4b98650488d02f2406027810) Importer(815301076,1909f56bfc062723c751e8b465ee728b)
Start importing Assets/PostProcessing using Guid(e262eecb4b98650488d02f2406027810) Importer(815301076,1909f56bfc062723c751e8b465ee728b)  -> (artifact id: '608af3ad75504f433ac64ee9cae56b36') in 0.004373 seconds
  Import took 0.007516 seconds .

========================================================================
Received Import Request.
  Time since last request: 20.897609 seconds.
  path: Assets/PostProcessing/Global.asset
  artifactKey: Guid(5d9a5b905a511074a8ff89ff1ad9e5af) Importer(815301076,1909f56bfc062723c751e8b465ee728b)
Start importing Assets/PostProcessing/Global.asset using Guid(5d9a5b905a511074a8ff89ff1ad9e5af) Importer(815301076,1909f56bfc062723c751e8b465ee728b)  -> (artifact id: 'c356cc3c96c5388d8b8368dbfb4885f1') in 0.020660 seconds
  Import took 0.023028 seconds .

========================================================================
Received Import Request.
  Time since last request: 56.680114 seconds.
  path: ProjectSettings/TagManager.asset
  artifactKey: Guid(00000000000000003000000000000000) Importer(815301076,1909f56bfc062723c751e8b465ee728b)
Start importing ProjectSettings/TagManager.asset using Guid(00000000000000003000000000000000) Importer(815301076,1909f56bfc062723c751e8b465ee728b)  -> (artifact id: 'a181c8c70cbd2c8e6f9696818d11616a') in 0.008267 seconds
  Import took 0.010547 seconds .

========================================================================
Received Prepare
Registering precompiled user dll's ...
Registered in 0.001030 seconds.
Begin MonoManager ReloadAssembly
Native extension for WindowsStandalone target not found
Native extension for WebGL target not found
Refreshing native plugins compatible for Editor in 0.27 ms, found 0 plugins.
Preloading 0 native plugins for Editor in 0.00 ms.
Mono: successfully reloaded assembly
- Completed reload, in  0.989 seconds
Platform modules already initialized, skipping
Refreshing native plugins compatible for Editor in 0.32 ms, found 0 plugins.
Preloading 0 native plugins for Editor in 0.00 ms.
Unloading 1243 Unused Serialized files (Serialized files now loaded: 0)
System memory in use before: 70.1 MB.
System memory in use after: 68.1 MB.

Unloading 33 unused Assets to reduce memory usage. Loaded Objects now: 1693.
Total: 3.322300 ms (FindLiveObjects: 0.277100 ms CreateObjectMapping: 0.033900 ms MarkObjects: 2.166100 ms  DeleteObjects: 0.843100 ms)

========================================================================
Received Prepare
Registering precompiled user dll's ...
Registered in 0.000859 seconds.
Begin MonoManager ReloadAssembly
Native extension for WindowsStandalone target not found
Native extension for WebGL target not found
Refreshing native plugins compatible for Editor in 0.25 ms, found 0 plugins.
Preloading 0 native plugins for Editor in 0.00 ms.
Mono: successfully reloaded assembly
- Completed reload, in  0.846 seconds
Platform modules already initialized, skipping
Refreshing native plugins compatible for Editor in 0.26 ms, found 0 plugins.
Preloading 0 native plugins for Editor in 0.00 ms.
Unloading 1243 Unused Serialized files (Serialized files now loaded: 0)
System memory in use before: 70.1 MB.
System memory in use after: 68.1 MB.

Unloading 32 unused Assets to reduce memory usage. Loaded Objects now: 1696.
Total: 2.541400 ms (FindLiveObjects: 0.171000 ms CreateObjectMapping: 0.029900 ms MarkObjects: 1.543200 ms  DeleteObjects: 0.795700 ms)

========================================================================
Received Prepare
Registering precompiled user dll's ...
Registered in 0.001023 seconds.
Begin MonoManager ReloadAssembly
Native extension for WindowsStandalone target not found
Native extension for WebGL target not found
Refreshing native plugins compatible for Editor in 0.34 ms, found 0 plugins.
Preloading 0 native plugins for Editor in 0.00 ms.
Mono: successfully reloaded assembly
- Completed reload, in  0.942 seconds
Platform modules already initialized, skipping
Refreshing native plugins compatible for Editor in 0.25 ms, found 0 plugins.
Preloading 0 native plugins for Editor in 0.00 ms.
Unloading 1243 Unused Serialized files (Serialized files now loaded: 0)
System memory in use before: 70.1 MB.
System memory in use after: 68.2 MB.

Unloading 32 unused Assets to reduce memory usage. Loaded Objects now: 1699.
Total: 2.967700 ms (FindLiveObjects: 0.178400 ms CreateObjectMapping: 0.031000 ms MarkObjects: 1.768500 ms  DeleteObjects: 0.987900 ms)

========================================================================
Received Prepare
Registering precompiled user dll's ...
Registered in 0.000963 seconds.
Begin MonoManager ReloadAssembly
Native extension for WindowsStandalone target not found
Native extension for WebGL target not found
Refreshing native plugins compatible for Editor in 0.25 ms, found 0 plugins.
Preloading 0 native plugins for Editor in 0.00 ms.
Mono: successfully reloaded assembly
- Completed reload, in  0.828 seconds
Platform modules already initialized, skipping
Refreshing native plugins compatible for Editor in 0.25 ms, found 0 plugins.
Preloading 0 native plugins for Editor in 0.00 ms.
Unloading 1243 Unused Serialized files (Serialized files now loaded: 0)
System memory in use before: 70.1 MB.
System memory in use after: 68.2 MB.

Unloading 32 unused Assets to reduce memory usage. Loaded Objects now: 1702.
Total: 2.380600 ms (FindLiveObjects: 0.181700 ms CreateObjectMapping: 0.029900 ms MarkObjects: 1.400400 ms  DeleteObjects: 0.767600 ms)

